2023-04-24 22:21:29,224 | DEBUG | >>> Loading webpage using Selenium ...
2023-04-24 22:21:34,061 | DEBUG | >>> Webpage successfully loaded ...
2023-04-24 22:21:39,335 | ERROR | No cookie pop-up window to close...let's begin scraping for league standings !!
2023-04-24 22:21:39,359 | DEBUG | >>>>   Extracting content from HTML elements ...
2023-04-24 22:21:39,360 | DEBUG | >>>>>>>   Table no 1 <<<<<<  
2023-04-24 22:21:39,392 | DEBUG | >>>>   Table row no "1", Cell no "1" appended ...
2023-04-24 22:21:39,394 | DEBUG | >>>>   
2023-04-24 22:21:39,416 | DEBUG | >>>>   Table row no "1", Cell no "2" appended ...
2023-04-24 22:21:39,417 | DEBUG | >>>>   
2023-04-24 22:21:39,438 | DEBUG | >>>>   Table row no "1", Cell no "3" appended ...
2023-04-24 22:21:39,440 | DEBUG | >>>>   
2023-04-24 22:21:39,466 | DEBUG | >>>>   Table row no "1", Cell no "4" appended ...
2023-04-24 22:21:39,468 | DEBUG | >>>>   
2023-04-24 22:21:39,500 | DEBUG | >>>>   Table row no "1", Cell no "5" appended ...
2023-04-24 22:21:39,501 | DEBUG | >>>>   
2023-04-24 22:21:39,523 | DEBUG | >>>>   Table row no "1", Cell no "6" appended ...
2023-04-24 22:21:39,524 | DEBUG | >>>>   
2023-04-24 22:21:39,546 | DEBUG | >>>>   Table row no "1", Cell no "7" appended ...
2023-04-24 22:21:39,548 | DEBUG | >>>>   
2023-04-24 22:21:39,571 | DEBUG | >>>>   Table row no "1", Cell no "8" appended ...
2023-04-24 22:21:39,573 | DEBUG | >>>>   
2023-04-24 22:21:39,596 | DEBUG | >>>>   Table row no "1", Cell no "9" appended ...
2023-04-24 22:21:39,597 | DEBUG | >>>>   
2023-04-24 22:21:39,618 | DEBUG | >>>>   Table row no "1", Cell no "10" appended ...
2023-04-24 22:21:39,620 | DEBUG | >>>>   
2023-04-24 22:21:39,644 | DEBUG | >>>>   Table row no "1", Cell no "11" appended ...
2023-04-24 22:21:39,645 | DEBUG | >>>>   
2023-04-24 22:21:39,666 | DEBUG | >>>>   Table row no "1", Cell no "12" appended ...
2023-04-24 22:21:39,667 | DEBUG | >>>>   
2023-04-24 22:21:39,689 | DEBUG | >>>>   Table row no "1", Cell no "13" appended ...
2023-04-24 22:21:39,690 | DEBUG | >>>>   
2023-04-24 22:21:39,712 | DEBUG | >>>>   Table row no "1", Cell no "14" appended ...
2023-04-24 22:21:39,713 | DEBUG | >>>>   
2023-04-24 22:21:39,735 | DEBUG | >>>>   Table row no "1", Cell no "15" appended ...
2023-04-24 22:21:39,736 | DEBUG | >>>>   
2023-04-24 22:21:39,758 | DEBUG | >>>>   Table row no "1", Cell no "16" appended ...
2023-04-24 22:21:39,759 | DEBUG | >>>>   
2023-04-24 22:21:39,781 | DEBUG | >>>>   Table row no "1", Cell no "17" appended ...
2023-04-24 22:21:39,782 | DEBUG | >>>>   
2023-04-24 22:21:39,804 | DEBUG | >>>>   Table row no "1", Cell no "18" appended ...
2023-04-24 22:21:39,805 | DEBUG | >>>>   
2023-04-24 22:21:39,814 | DEBUG | >>>>>>>   Table no 2 <<<<<<  
2023-04-24 22:21:39,843 | DEBUG | >>>>   Table row no "2", Cell no "1" appended ...
2023-04-24 22:21:39,845 | DEBUG | >>>>   
2023-04-24 22:21:39,873 | DEBUG | >>>>   Table row no "2", Cell no "2" appended ...
2023-04-24 22:21:39,874 | DEBUG | >>>>   
2023-04-24 22:21:39,901 | DEBUG | >>>>   Table row no "2", Cell no "3" appended ...
2023-04-24 22:21:39,902 | DEBUG | >>>>   
2023-04-24 22:21:39,930 | DEBUG | >>>>   Table row no "2", Cell no "4" appended ...
2023-04-24 22:21:39,930 | DEBUG | >>>>   
2023-04-24 22:21:39,967 | DEBUG | >>>>   Table row no "2", Cell no "5" appended ...
2023-04-24 22:21:39,968 | DEBUG | >>>>   
2023-04-24 22:21:40,000 | DEBUG | >>>>   Table row no "2", Cell no "6" appended ...
2023-04-24 22:21:40,001 | DEBUG | >>>>   
2023-04-24 22:21:40,033 | DEBUG | >>>>   Table row no "2", Cell no "7" appended ...
2023-04-24 22:21:40,034 | DEBUG | >>>>   
2023-04-24 22:21:40,058 | DEBUG | >>>>   Table row no "2", Cell no "8" appended ...
2023-04-24 22:21:40,059 | DEBUG | >>>>   
2023-04-24 22:21:40,084 | DEBUG | >>>>   Table row no "2", Cell no "9" appended ...
2023-04-24 22:21:40,085 | DEBUG | >>>>   
2023-04-24 22:21:40,110 | DEBUG | >>>>   Table row no "2", Cell no "10" appended ...
2023-04-24 22:21:40,111 | DEBUG | >>>>   
2023-04-24 22:21:40,131 | DEBUG | >>>>   Table row no "2", Cell no "11" appended ...
2023-04-24 22:21:40,133 | DEBUG | >>>>   
2023-04-24 22:21:40,154 | DEBUG | >>>>   Table row no "2", Cell no "12" appended ...
2023-04-24 22:21:40,156 | DEBUG | >>>>   
2023-04-24 22:21:40,179 | DEBUG | >>>>   Table row no "2", Cell no "13" appended ...
2023-04-24 22:21:40,180 | DEBUG | >>>>   
2023-04-24 22:21:40,203 | DEBUG | >>>>   Table row no "2", Cell no "14" appended ...
2023-04-24 22:21:40,204 | DEBUG | >>>>   
2023-04-24 22:21:40,227 | DEBUG | >>>>   Table row no "2", Cell no "15" appended ...
2023-04-24 22:21:40,229 | DEBUG | >>>>   
2023-04-24 22:21:40,253 | DEBUG | >>>>   Table row no "2", Cell no "16" appended ...
2023-04-24 22:21:40,254 | DEBUG | >>>>   
2023-04-24 22:21:40,280 | DEBUG | >>>>   Table row no "2", Cell no "17" appended ...
2023-04-24 22:21:40,281 | DEBUG | >>>>   
2023-04-24 22:21:40,303 | DEBUG | >>>>   Table row no "2", Cell no "18" appended ...
2023-04-24 22:21:40,304 | DEBUG | >>>>   
2023-04-24 22:21:40,315 | DEBUG | >>>>>>>   Table no 3 <<<<<<  
2023-04-24 22:21:40,343 | DEBUG | >>>>   Table row no "3", Cell no "1" appended ...
2023-04-24 22:21:40,344 | DEBUG | >>>>   
2023-04-24 22:21:40,366 | DEBUG | >>>>   Table row no "3", Cell no "2" appended ...
2023-04-24 22:21:40,366 | DEBUG | >>>>   
2023-04-24 22:21:40,387 | DEBUG | >>>>   Table row no "3", Cell no "3" appended ...
2023-04-24 22:21:40,388 | DEBUG | >>>>   
2023-04-24 22:21:40,411 | DEBUG | >>>>   Table row no "3", Cell no "4" appended ...
2023-04-24 22:21:40,413 | DEBUG | >>>>   
2023-04-24 22:21:40,436 | DEBUG | >>>>   Table row no "3", Cell no "5" appended ...
2023-04-24 22:21:40,437 | DEBUG | >>>>   
2023-04-24 22:21:40,461 | DEBUG | >>>>   Table row no "3", Cell no "6" appended ...
2023-04-24 22:21:40,463 | DEBUG | >>>>   
2023-04-24 22:21:40,486 | DEBUG | >>>>   Table row no "3", Cell no "7" appended ...
2023-04-24 22:21:40,487 | DEBUG | >>>>   
2023-04-24 22:21:40,510 | DEBUG | >>>>   Table row no "3", Cell no "8" appended ...
2023-04-24 22:21:40,512 | DEBUG | >>>>   
2023-04-24 22:21:40,537 | DEBUG | >>>>   Table row no "3", Cell no "9" appended ...
2023-04-24 22:21:40,538 | DEBUG | >>>>   
2023-04-24 22:21:40,561 | DEBUG | >>>>   Table row no "3", Cell no "10" appended ...
2023-04-24 22:21:40,562 | DEBUG | >>>>   
2023-04-24 22:21:40,587 | DEBUG | >>>>   Table row no "3", Cell no "11" appended ...
2023-04-24 22:21:40,588 | DEBUG | >>>>   
2023-04-24 22:21:40,611 | DEBUG | >>>>   Table row no "3", Cell no "12" appended ...
2023-04-24 22:21:40,612 | DEBUG | >>>>   
2023-04-24 22:21:40,636 | DEBUG | >>>>   Table row no "3", Cell no "13" appended ...
2023-04-24 22:21:40,637 | DEBUG | >>>>   
2023-04-24 22:21:40,661 | DEBUG | >>>>   Table row no "3", Cell no "14" appended ...
2023-04-24 22:21:40,662 | DEBUG | >>>>   
2023-04-24 22:21:40,686 | DEBUG | >>>>   Table row no "3", Cell no "15" appended ...
2023-04-24 22:21:40,687 | DEBUG | >>>>   
2023-04-24 22:21:40,712 | DEBUG | >>>>   Table row no "3", Cell no "16" appended ...
2023-04-24 22:21:40,714 | DEBUG | >>>>   
2023-04-24 22:21:40,739 | DEBUG | >>>>   Table row no "3", Cell no "17" appended ...
2023-04-24 22:21:40,740 | DEBUG | >>>>   
2023-04-24 22:21:40,764 | DEBUG | >>>>   Table row no "3", Cell no "18" appended ...
2023-04-24 22:21:40,766 | DEBUG | >>>>   
2023-04-24 22:21:40,776 | DEBUG | >>>>>>>   Table no 4 <<<<<<  
2023-04-24 22:21:40,799 | DEBUG | >>>>   Table row no "4", Cell no "1" appended ...
2023-04-24 22:21:40,801 | DEBUG | >>>>   
2023-04-24 22:21:40,824 | DEBUG | >>>>   Table row no "4", Cell no "2" appended ...
2023-04-24 22:21:40,825 | DEBUG | >>>>   
2023-04-24 22:21:40,849 | DEBUG | >>>>   Table row no "4", Cell no "3" appended ...
2023-04-24 22:21:40,850 | DEBUG | >>>>   
2023-04-24 22:21:40,873 | DEBUG | >>>>   Table row no "4", Cell no "4" appended ...
2023-04-24 22:21:40,875 | DEBUG | >>>>   
2023-04-24 22:21:40,900 | DEBUG | >>>>   Table row no "4", Cell no "5" appended ...
2023-04-24 22:21:40,902 | DEBUG | >>>>   
2023-04-24 22:21:40,925 | DEBUG | >>>>   Table row no "4", Cell no "6" appended ...
2023-04-24 22:21:40,926 | DEBUG | >>>>   
2023-04-24 22:21:40,952 | DEBUG | >>>>   Table row no "4", Cell no "7" appended ...
2023-04-24 22:21:40,954 | DEBUG | >>>>   
2023-04-24 22:21:40,977 | DEBUG | >>>>   Table row no "4", Cell no "8" appended ...
2023-04-24 22:21:40,979 | DEBUG | >>>>   
2023-04-24 22:21:41,004 | DEBUG | >>>>   Table row no "4", Cell no "9" appended ...
2023-04-24 22:21:41,005 | DEBUG | >>>>   
2023-04-24 22:21:41,032 | DEBUG | >>>>   Table row no "4", Cell no "10" appended ...
2023-04-24 22:21:41,032 | DEBUG | >>>>   
2023-04-24 22:21:41,058 | DEBUG | >>>>   Table row no "4", Cell no "11" appended ...
2023-04-24 22:21:41,059 | DEBUG | >>>>   
2023-04-24 22:21:41,084 | DEBUG | >>>>   Table row no "4", Cell no "12" appended ...
2023-04-24 22:21:41,085 | DEBUG | >>>>   
2023-04-24 22:21:41,112 | DEBUG | >>>>   Table row no "4", Cell no "13" appended ...
2023-04-24 22:21:41,113 | DEBUG | >>>>   
2023-04-24 22:21:41,139 | DEBUG | >>>>   Table row no "4", Cell no "14" appended ...
2023-04-24 22:21:41,140 | DEBUG | >>>>   
2023-04-24 22:21:41,169 | DEBUG | >>>>   Table row no "4", Cell no "15" appended ...
2023-04-24 22:21:41,170 | DEBUG | >>>>   
2023-04-24 22:21:41,201 | DEBUG | >>>>   Table row no "4", Cell no "16" appended ...
2023-04-24 22:21:41,202 | DEBUG | >>>>   
2023-04-24 22:21:41,227 | DEBUG | >>>>   Table row no "4", Cell no "17" appended ...
2023-04-24 22:21:41,229 | DEBUG | >>>>   
2023-04-24 22:21:41,259 | DEBUG | >>>>   Table row no "4", Cell no "18" appended ...
2023-04-24 22:21:41,260 | DEBUG | >>>>   
2023-04-24 22:21:41,269 | DEBUG | >>>>>>>   Table no 5 <<<<<<  
2023-04-24 22:21:41,296 | DEBUG | >>>>   Table row no "5", Cell no "1" appended ...
2023-04-24 22:21:41,297 | DEBUG | >>>>   
2023-04-24 22:21:41,320 | DEBUG | >>>>   Table row no "5", Cell no "2" appended ...
2023-04-24 22:21:41,321 | DEBUG | >>>>   
2023-04-24 22:21:41,345 | DEBUG | >>>>   Table row no "5", Cell no "3" appended ...
2023-04-24 22:21:41,346 | DEBUG | >>>>   
2023-04-24 22:21:41,369 | DEBUG | >>>>   Table row no "5", Cell no "4" appended ...
2023-04-24 22:21:41,370 | DEBUG | >>>>   
2023-04-24 22:21:41,396 | DEBUG | >>>>   Table row no "5", Cell no "5" appended ...
2023-04-24 22:21:41,397 | DEBUG | >>>>   
2023-04-24 22:21:41,419 | DEBUG | >>>>   Table row no "5", Cell no "6" appended ...
2023-04-24 22:21:41,420 | DEBUG | >>>>   
2023-04-24 22:21:41,446 | DEBUG | >>>>   Table row no "5", Cell no "7" appended ...
2023-04-24 22:21:41,447 | DEBUG | >>>>   
2023-04-24 22:21:41,470 | DEBUG | >>>>   Table row no "5", Cell no "8" appended ...
2023-04-24 22:21:41,471 | DEBUG | >>>>   
2023-04-24 22:21:41,498 | DEBUG | >>>>   Table row no "5", Cell no "9" appended ...
2023-04-24 22:21:41,500 | DEBUG | >>>>   
2023-04-24 22:21:41,532 | DEBUG | >>>>   Table row no "5", Cell no "10" appended ...
2023-04-24 22:21:41,532 | DEBUG | >>>>   
2023-04-24 22:21:41,562 | DEBUG | >>>>   Table row no "5", Cell no "11" appended ...
2023-04-24 22:21:41,562 | DEBUG | >>>>   
2023-04-24 22:21:41,589 | DEBUG | >>>>   Table row no "5", Cell no "12" appended ...
2023-04-24 22:21:41,591 | DEBUG | >>>>   
2023-04-24 22:21:41,613 | DEBUG | >>>>   Table row no "5", Cell no "13" appended ...
2023-04-24 22:21:41,615 | DEBUG | >>>>   
2023-04-24 22:21:41,638 | DEBUG | >>>>   Table row no "5", Cell no "14" appended ...
2023-04-24 22:21:41,640 | DEBUG | >>>>   
2023-04-24 22:21:41,663 | DEBUG | >>>>   Table row no "5", Cell no "15" appended ...
2023-04-24 22:21:41,664 | DEBUG | >>>>   
2023-04-24 22:21:41,690 | DEBUG | >>>>   Table row no "5", Cell no "16" appended ...
2023-04-24 22:21:41,691 | DEBUG | >>>>   
2023-04-24 22:21:41,715 | DEBUG | >>>>   Table row no "5", Cell no "17" appended ...
2023-04-24 22:21:41,716 | DEBUG | >>>>   
2023-04-24 22:21:41,741 | DEBUG | >>>>   Table row no "5", Cell no "18" appended ...
2023-04-24 22:21:41,742 | DEBUG | >>>>   
2023-04-24 22:21:41,752 | DEBUG | >>>>>>>   Table no 6 <<<<<<  
2023-04-24 22:21:41,780 | DEBUG | >>>>   Table row no "6", Cell no "1" appended ...
2023-04-24 22:21:41,781 | DEBUG | >>>>   
2023-04-24 22:21:41,804 | DEBUG | >>>>   Table row no "6", Cell no "2" appended ...
2023-04-24 22:21:41,805 | DEBUG | >>>>   
2023-04-24 22:21:41,831 | DEBUG | >>>>   Table row no "6", Cell no "3" appended ...
2023-04-24 22:21:41,832 | DEBUG | >>>>   
2023-04-24 22:21:41,856 | DEBUG | >>>>   Table row no "6", Cell no "4" appended ...
2023-04-24 22:21:41,857 | DEBUG | >>>>   
2023-04-24 22:21:41,882 | DEBUG | >>>>   Table row no "6", Cell no "5" appended ...
2023-04-24 22:21:41,883 | DEBUG | >>>>   
2023-04-24 22:21:41,907 | DEBUG | >>>>   Table row no "6", Cell no "6" appended ...
2023-04-24 22:21:41,908 | DEBUG | >>>>   
2023-04-24 22:21:41,934 | DEBUG | >>>>   Table row no "6", Cell no "7" appended ...
2023-04-24 22:21:41,934 | DEBUG | >>>>   
2023-04-24 22:21:41,959 | DEBUG | >>>>   Table row no "6", Cell no "8" appended ...
2023-04-24 22:21:41,960 | DEBUG | >>>>   
2023-04-24 22:21:41,983 | DEBUG | >>>>   Table row no "6", Cell no "9" appended ...
2023-04-24 22:21:41,983 | DEBUG | >>>>   
2023-04-24 22:21:42,012 | DEBUG | >>>>   Table row no "6", Cell no "10" appended ...
2023-04-24 22:21:42,014 | DEBUG | >>>>   
2023-04-24 22:21:42,041 | DEBUG | >>>>   Table row no "6", Cell no "11" appended ...
2023-04-24 22:21:42,042 | DEBUG | >>>>   
2023-04-24 22:21:42,069 | DEBUG | >>>>   Table row no "6", Cell no "12" appended ...
2023-04-24 22:21:42,070 | DEBUG | >>>>   
2023-04-24 22:21:42,094 | DEBUG | >>>>   Table row no "6", Cell no "13" appended ...
2023-04-24 22:21:42,095 | DEBUG | >>>>   
2023-04-24 22:21:42,118 | DEBUG | >>>>   Table row no "6", Cell no "14" appended ...
2023-04-24 22:21:42,120 | DEBUG | >>>>   
2023-04-24 22:21:42,143 | DEBUG | >>>>   Table row no "6", Cell no "15" appended ...
2023-04-24 22:21:42,144 | DEBUG | >>>>   
2023-04-24 22:21:42,168 | DEBUG | >>>>   Table row no "6", Cell no "16" appended ...
2023-04-24 22:21:42,169 | DEBUG | >>>>   
2023-04-24 22:21:42,193 | DEBUG | >>>>   Table row no "6", Cell no "17" appended ...
2023-04-24 22:21:42,194 | DEBUG | >>>>   
2023-04-24 22:21:42,215 | DEBUG | >>>>   Table row no "6", Cell no "18" appended ...
2023-04-24 22:21:42,216 | DEBUG | >>>>   
2023-04-24 22:21:42,225 | DEBUG | >>>>>>>   Table no 7 <<<<<<  
2023-04-24 22:21:42,251 | DEBUG | >>>>   Table row no "7", Cell no "1" appended ...
2023-04-24 22:21:42,251 | DEBUG | >>>>   
2023-04-24 22:21:42,277 | DEBUG | >>>>   Table row no "7", Cell no "2" appended ...
2023-04-24 22:21:42,278 | DEBUG | >>>>   
2023-04-24 22:21:42,300 | DEBUG | >>>>   Table row no "7", Cell no "3" appended ...
2023-04-24 22:21:42,301 | DEBUG | >>>>   
2023-04-24 22:21:42,323 | DEBUG | >>>>   Table row no "7", Cell no "4" appended ...
2023-04-24 22:21:42,324 | DEBUG | >>>>   
2023-04-24 22:21:42,347 | DEBUG | >>>>   Table row no "7", Cell no "5" appended ...
2023-04-24 22:21:42,349 | DEBUG | >>>>   
2023-04-24 22:21:42,372 | DEBUG | >>>>   Table row no "7", Cell no "6" appended ...
2023-04-24 22:21:42,373 | DEBUG | >>>>   
2023-04-24 22:21:42,399 | DEBUG | >>>>   Table row no "7", Cell no "7" appended ...
2023-04-24 22:21:42,400 | DEBUG | >>>>   
2023-04-24 22:21:42,425 | DEBUG | >>>>   Table row no "7", Cell no "8" appended ...
2023-04-24 22:21:42,426 | DEBUG | >>>>   
2023-04-24 22:21:42,449 | DEBUG | >>>>   Table row no "7", Cell no "9" appended ...
2023-04-24 22:21:42,450 | DEBUG | >>>>   
2023-04-24 22:21:42,474 | DEBUG | >>>>   Table row no "7", Cell no "10" appended ...
2023-04-24 22:21:42,475 | DEBUG | >>>>   
2023-04-24 22:21:42,499 | DEBUG | >>>>   Table row no "7", Cell no "11" appended ...
2023-04-24 22:21:42,500 | DEBUG | >>>>   
2023-04-24 22:21:42,524 | DEBUG | >>>>   Table row no "7", Cell no "12" appended ...
2023-04-24 22:21:42,525 | DEBUG | >>>>   
2023-04-24 22:21:42,547 | DEBUG | >>>>   Table row no "7", Cell no "13" appended ...
2023-04-24 22:21:42,548 | DEBUG | >>>>   
2023-04-24 22:21:42,572 | DEBUG | >>>>   Table row no "7", Cell no "14" appended ...
2023-04-24 22:21:42,574 | DEBUG | >>>>   
2023-04-24 22:21:42,598 | DEBUG | >>>>   Table row no "7", Cell no "15" appended ...
2023-04-24 22:21:42,599 | DEBUG | >>>>   
2023-04-24 22:21:42,625 | DEBUG | >>>>   Table row no "7", Cell no "16" appended ...
2023-04-24 22:21:42,626 | DEBUG | >>>>   
2023-04-24 22:21:42,651 | DEBUG | >>>>   Table row no "7", Cell no "17" appended ...
2023-04-24 22:21:42,652 | DEBUG | >>>>   
2023-04-24 22:21:42,678 | DEBUG | >>>>   Table row no "7", Cell no "18" appended ...
2023-04-24 22:21:42,679 | DEBUG | >>>>   
2023-04-24 22:21:42,690 | DEBUG | >>>>>>>   Table no 8 <<<<<<  
2023-04-24 22:21:42,715 | DEBUG | >>>>   Table row no "8", Cell no "1" appended ...
2023-04-24 22:21:42,716 | DEBUG | >>>>   
2023-04-24 22:21:42,742 | DEBUG | >>>>   Table row no "8", Cell no "2" appended ...
2023-04-24 22:21:42,743 | DEBUG | >>>>   
2023-04-24 22:21:42,767 | DEBUG | >>>>   Table row no "8", Cell no "3" appended ...
2023-04-24 22:21:42,768 | DEBUG | >>>>   
2023-04-24 22:21:42,793 | DEBUG | >>>>   Table row no "8", Cell no "4" appended ...
2023-04-24 22:21:42,794 | DEBUG | >>>>   
2023-04-24 22:21:42,820 | DEBUG | >>>>   Table row no "8", Cell no "5" appended ...
2023-04-24 22:21:42,821 | DEBUG | >>>>   
2023-04-24 22:21:42,845 | DEBUG | >>>>   Table row no "8", Cell no "6" appended ...
2023-04-24 22:21:42,846 | DEBUG | >>>>   
2023-04-24 22:21:42,873 | DEBUG | >>>>   Table row no "8", Cell no "7" appended ...
2023-04-24 22:21:42,873 | DEBUG | >>>>   
2023-04-24 22:21:42,899 | DEBUG | >>>>   Table row no "8", Cell no "8" appended ...
2023-04-24 22:21:42,900 | DEBUG | >>>>   
2023-04-24 22:21:42,926 | DEBUG | >>>>   Table row no "8", Cell no "9" appended ...
2023-04-24 22:21:42,927 | DEBUG | >>>>   
2023-04-24 22:21:42,952 | DEBUG | >>>>   Table row no "8", Cell no "10" appended ...
2023-04-24 22:21:42,953 | DEBUG | >>>>   
2023-04-24 22:21:42,977 | DEBUG | >>>>   Table row no "8", Cell no "11" appended ...
2023-04-24 22:21:42,978 | DEBUG | >>>>   
2023-04-24 22:21:43,002 | DEBUG | >>>>   Table row no "8", Cell no "12" appended ...
2023-04-24 22:21:43,004 | DEBUG | >>>>   
2023-04-24 22:21:43,030 | DEBUG | >>>>   Table row no "8", Cell no "13" appended ...
2023-04-24 22:21:43,031 | DEBUG | >>>>   
2023-04-24 22:21:43,056 | DEBUG | >>>>   Table row no "8", Cell no "14" appended ...
2023-04-24 22:21:43,057 | DEBUG | >>>>   
2023-04-24 22:21:43,082 | DEBUG | >>>>   Table row no "8", Cell no "15" appended ...
2023-04-24 22:21:43,083 | DEBUG | >>>>   
2023-04-24 22:21:43,107 | DEBUG | >>>>   Table row no "8", Cell no "16" appended ...
2023-04-24 22:21:43,108 | DEBUG | >>>>   
2023-04-24 22:21:43,133 | DEBUG | >>>>   Table row no "8", Cell no "17" appended ...
2023-04-24 22:21:43,134 | DEBUG | >>>>   
2023-04-24 22:21:43,158 | DEBUG | >>>>   Table row no "8", Cell no "18" appended ...
2023-04-24 22:21:43,159 | DEBUG | >>>>   
2023-04-24 22:21:43,169 | DEBUG | >>>>>>>   Table no 9 <<<<<<  
2023-04-24 22:21:43,196 | DEBUG | >>>>   Table row no "9", Cell no "1" appended ...
2023-04-24 22:21:43,197 | DEBUG | >>>>   
2023-04-24 22:21:43,223 | DEBUG | >>>>   Table row no "9", Cell no "2" appended ...
2023-04-24 22:21:43,224 | DEBUG | >>>>   
2023-04-24 22:21:43,249 | DEBUG | >>>>   Table row no "9", Cell no "3" appended ...
2023-04-24 22:21:43,251 | DEBUG | >>>>   
2023-04-24 22:21:43,277 | DEBUG | >>>>   Table row no "9", Cell no "4" appended ...
2023-04-24 22:21:43,279 | DEBUG | >>>>   
2023-04-24 22:21:43,304 | DEBUG | >>>>   Table row no "9", Cell no "5" appended ...
2023-04-24 22:21:43,305 | DEBUG | >>>>   
2023-04-24 22:21:43,334 | DEBUG | >>>>   Table row no "9", Cell no "6" appended ...
2023-04-24 22:21:43,335 | DEBUG | >>>>   
2023-04-24 22:21:43,364 | DEBUG | >>>>   Table row no "9", Cell no "7" appended ...
2023-04-24 22:21:43,365 | DEBUG | >>>>   
2023-04-24 22:21:43,394 | DEBUG | >>>>   Table row no "9", Cell no "8" appended ...
2023-04-24 22:21:43,395 | DEBUG | >>>>   
2023-04-24 22:21:43,423 | DEBUG | >>>>   Table row no "9", Cell no "9" appended ...
2023-04-24 22:21:43,425 | DEBUG | >>>>   
2023-04-24 22:21:43,449 | DEBUG | >>>>   Table row no "9", Cell no "10" appended ...
2023-04-24 22:21:43,451 | DEBUG | >>>>   
2023-04-24 22:21:43,476 | DEBUG | >>>>   Table row no "9", Cell no "11" appended ...
2023-04-24 22:21:43,477 | DEBUG | >>>>   
2023-04-24 22:21:43,503 | DEBUG | >>>>   Table row no "9", Cell no "12" appended ...
2023-04-24 22:21:43,505 | DEBUG | >>>>   
2023-04-24 22:21:43,531 | DEBUG | >>>>   Table row no "9", Cell no "13" appended ...
2023-04-24 22:21:43,532 | DEBUG | >>>>   
2023-04-24 22:21:43,559 | DEBUG | >>>>   Table row no "9", Cell no "14" appended ...
2023-04-24 22:21:43,560 | DEBUG | >>>>   
2023-04-24 22:21:43,604 | DEBUG | >>>>   Table row no "9", Cell no "15" appended ...
2023-04-24 22:21:43,606 | DEBUG | >>>>   
2023-04-24 22:21:43,647 | DEBUG | >>>>   Table row no "9", Cell no "16" appended ...
2023-04-24 22:21:43,648 | DEBUG | >>>>   
2023-04-24 22:21:43,679 | DEBUG | >>>>   Table row no "9", Cell no "17" appended ...
2023-04-24 22:21:43,680 | DEBUG | >>>>   
2023-04-24 22:21:43,707 | DEBUG | >>>>   Table row no "9", Cell no "18" appended ...
2023-04-24 22:21:43,709 | DEBUG | >>>>   
2023-04-24 22:21:43,718 | DEBUG | >>>>>>>   Table no 10 <<<<<<  
2023-04-24 22:21:43,746 | DEBUG | >>>>   Table row no "10", Cell no "1" appended ...
2023-04-24 22:21:43,747 | DEBUG | >>>>   
2023-04-24 22:21:43,780 | DEBUG | >>>>   Table row no "10", Cell no "2" appended ...
2023-04-24 22:21:43,781 | DEBUG | >>>>   
2023-04-24 22:21:43,820 | DEBUG | >>>>   Table row no "10", Cell no "3" appended ...
2023-04-24 22:21:43,826 | DEBUG | >>>>   
2023-04-24 22:21:43,867 | DEBUG | >>>>   Table row no "10", Cell no "4" appended ...
2023-04-24 22:21:43,868 | DEBUG | >>>>   
2023-04-24 22:21:43,895 | DEBUG | >>>>   Table row no "10", Cell no "5" appended ...
2023-04-24 22:21:43,896 | DEBUG | >>>>   
2023-04-24 22:21:43,922 | DEBUG | >>>>   Table row no "10", Cell no "6" appended ...
2023-04-24 22:21:43,923 | DEBUG | >>>>   
2023-04-24 22:21:43,949 | DEBUG | >>>>   Table row no "10", Cell no "7" appended ...
2023-04-24 22:21:43,951 | DEBUG | >>>>   
2023-04-24 22:21:43,976 | DEBUG | >>>>   Table row no "10", Cell no "8" appended ...
2023-04-24 22:21:43,977 | DEBUG | >>>>   
2023-04-24 22:21:44,002 | DEBUG | >>>>   Table row no "10", Cell no "9" appended ...
2023-04-24 22:21:44,003 | DEBUG | >>>>   
2023-04-24 22:21:44,029 | DEBUG | >>>>   Table row no "10", Cell no "10" appended ...
2023-04-24 22:21:44,030 | DEBUG | >>>>   
2023-04-24 22:21:44,058 | DEBUG | >>>>   Table row no "10", Cell no "11" appended ...
2023-04-24 22:21:44,059 | DEBUG | >>>>   
2023-04-24 22:21:44,085 | DEBUG | >>>>   Table row no "10", Cell no "12" appended ...
2023-04-24 22:21:44,086 | DEBUG | >>>>   
2023-04-24 22:21:44,120 | DEBUG | >>>>   Table row no "10", Cell no "13" appended ...
2023-04-24 22:21:44,121 | DEBUG | >>>>   
2023-04-24 22:21:44,161 | DEBUG | >>>>   Table row no "10", Cell no "14" appended ...
2023-04-24 22:21:44,162 | DEBUG | >>>>   
2023-04-24 22:21:44,192 | DEBUG | >>>>   Table row no "10", Cell no "15" appended ...
2023-04-24 22:21:44,193 | DEBUG | >>>>   
2023-04-24 22:21:44,220 | DEBUG | >>>>   Table row no "10", Cell no "16" appended ...
2023-04-24 22:21:44,221 | DEBUG | >>>>   
2023-04-24 22:21:44,250 | DEBUG | >>>>   Table row no "10", Cell no "17" appended ...
2023-04-24 22:21:44,251 | DEBUG | >>>>   
2023-04-24 22:21:44,280 | DEBUG | >>>>   Table row no "10", Cell no "18" appended ...
2023-04-24 22:21:44,281 | DEBUG | >>>>   
2023-04-24 22:21:44,292 | DEBUG | >>>>>>>   Table no 11 <<<<<<  
2023-04-24 22:21:44,331 | DEBUG | >>>>   Table row no "11", Cell no "1" appended ...
2023-04-24 22:21:44,332 | DEBUG | >>>>   
2023-04-24 22:21:44,363 | DEBUG | >>>>   Table row no "11", Cell no "2" appended ...
2023-04-24 22:21:44,364 | DEBUG | >>>>   
2023-04-24 22:21:44,400 | DEBUG | >>>>   Table row no "11", Cell no "3" appended ...
2023-04-24 22:21:44,401 | DEBUG | >>>>   
2023-04-24 22:21:44,427 | DEBUG | >>>>   Table row no "11", Cell no "4" appended ...
2023-04-24 22:21:44,428 | DEBUG | >>>>   
2023-04-24 22:21:44,453 | DEBUG | >>>>   Table row no "11", Cell no "5" appended ...
2023-04-24 22:21:44,454 | DEBUG | >>>>   
2023-04-24 22:21:44,484 | DEBUG | >>>>   Table row no "11", Cell no "6" appended ...
2023-04-24 22:21:44,485 | DEBUG | >>>>   
2023-04-24 22:21:44,520 | DEBUG | >>>>   Table row no "11", Cell no "7" appended ...
2023-04-24 22:21:44,521 | DEBUG | >>>>   
2023-04-24 22:21:44,548 | DEBUG | >>>>   Table row no "11", Cell no "8" appended ...
2023-04-24 22:21:44,549 | DEBUG | >>>>   
2023-04-24 22:21:44,576 | DEBUG | >>>>   Table row no "11", Cell no "9" appended ...
2023-04-24 22:21:44,577 | DEBUG | >>>>   
2023-04-24 22:21:44,606 | DEBUG | >>>>   Table row no "11", Cell no "10" appended ...
2023-04-24 22:21:44,607 | DEBUG | >>>>   
2023-04-24 22:21:44,632 | DEBUG | >>>>   Table row no "11", Cell no "11" appended ...
2023-04-24 22:21:44,633 | DEBUG | >>>>   
2023-04-24 22:21:44,657 | DEBUG | >>>>   Table row no "11", Cell no "12" appended ...
2023-04-24 22:21:44,658 | DEBUG | >>>>   
2023-04-24 22:21:44,685 | DEBUG | >>>>   Table row no "11", Cell no "13" appended ...
2023-04-24 22:21:44,686 | DEBUG | >>>>   
2023-04-24 22:21:44,712 | DEBUG | >>>>   Table row no "11", Cell no "14" appended ...
2023-04-24 22:21:44,713 | DEBUG | >>>>   
2023-04-24 22:21:44,740 | DEBUG | >>>>   Table row no "11", Cell no "15" appended ...
2023-04-24 22:21:44,741 | DEBUG | >>>>   
2023-04-24 22:21:44,766 | DEBUG | >>>>   Table row no "11", Cell no "16" appended ...
2023-04-24 22:21:44,768 | DEBUG | >>>>   
2023-04-24 22:21:44,796 | DEBUG | >>>>   Table row no "11", Cell no "17" appended ...
2023-04-24 22:21:44,797 | DEBUG | >>>>   
2023-04-24 22:21:44,822 | DEBUG | >>>>   Table row no "11", Cell no "18" appended ...
2023-04-24 22:21:44,823 | DEBUG | >>>>   
2023-04-24 22:21:44,835 | DEBUG | >>>>>>>   Table no 12 <<<<<<  
2023-04-24 22:21:44,863 | DEBUG | >>>>   Table row no "12", Cell no "1" appended ...
2023-04-24 22:21:44,864 | DEBUG | >>>>   
2023-04-24 22:21:44,889 | DEBUG | >>>>   Table row no "12", Cell no "2" appended ...
2023-04-24 22:21:44,889 | DEBUG | >>>>   
2023-04-24 22:21:44,914 | DEBUG | >>>>   Table row no "12", Cell no "3" appended ...
2023-04-24 22:21:44,915 | DEBUG | >>>>   
2023-04-24 22:21:44,941 | DEBUG | >>>>   Table row no "12", Cell no "4" appended ...
2023-04-24 22:21:44,943 | DEBUG | >>>>   
2023-04-24 22:21:44,971 | DEBUG | >>>>   Table row no "12", Cell no "5" appended ...
2023-04-24 22:21:44,972 | DEBUG | >>>>   
2023-04-24 22:21:45,000 | DEBUG | >>>>   Table row no "12", Cell no "6" appended ...
2023-04-24 22:21:45,001 | DEBUG | >>>>   
2023-04-24 22:21:45,031 | DEBUG | >>>>   Table row no "12", Cell no "7" appended ...
2023-04-24 22:21:45,032 | DEBUG | >>>>   
2023-04-24 22:21:45,062 | DEBUG | >>>>   Table row no "12", Cell no "8" appended ...
2023-04-24 22:21:45,062 | DEBUG | >>>>   
2023-04-24 22:21:45,088 | DEBUG | >>>>   Table row no "12", Cell no "9" appended ...
2023-04-24 22:21:45,089 | DEBUG | >>>>   
2023-04-24 22:21:45,115 | DEBUG | >>>>   Table row no "12", Cell no "10" appended ...
2023-04-24 22:21:45,116 | DEBUG | >>>>   
2023-04-24 22:21:45,143 | DEBUG | >>>>   Table row no "12", Cell no "11" appended ...
2023-04-24 22:21:45,144 | DEBUG | >>>>   
2023-04-24 22:21:45,170 | DEBUG | >>>>   Table row no "12", Cell no "12" appended ...
2023-04-24 22:21:45,171 | DEBUG | >>>>   
2023-04-24 22:21:45,197 | DEBUG | >>>>   Table row no "12", Cell no "13" appended ...
2023-04-24 22:21:45,198 | DEBUG | >>>>   
2023-04-24 22:21:45,226 | DEBUG | >>>>   Table row no "12", Cell no "14" appended ...
2023-04-24 22:21:45,227 | DEBUG | >>>>   
2023-04-24 22:21:45,252 | DEBUG | >>>>   Table row no "12", Cell no "15" appended ...
2023-04-24 22:21:45,258 | DEBUG | >>>>   
2023-04-24 22:21:45,286 | DEBUG | >>>>   Table row no "12", Cell no "16" appended ...
2023-04-24 22:21:45,286 | DEBUG | >>>>   
2023-04-24 22:21:45,316 | DEBUG | >>>>   Table row no "12", Cell no "17" appended ...
2023-04-24 22:21:45,317 | DEBUG | >>>>   
2023-04-24 22:21:45,350 | DEBUG | >>>>   Table row no "12", Cell no "18" appended ...
2023-04-24 22:21:45,351 | DEBUG | >>>>   
2023-04-24 22:21:45,363 | DEBUG | >>>>>>>   Table no 13 <<<<<<  
2023-04-24 22:21:45,391 | DEBUG | >>>>   Table row no "13", Cell no "1" appended ...
2023-04-24 22:21:45,392 | DEBUG | >>>>   
2023-04-24 22:21:45,420 | DEBUG | >>>>   Table row no "13", Cell no "2" appended ...
2023-04-24 22:21:45,421 | DEBUG | >>>>   
2023-04-24 22:21:45,451 | DEBUG | >>>>   Table row no "13", Cell no "3" appended ...
2023-04-24 22:21:45,452 | DEBUG | >>>>   
2023-04-24 22:21:45,478 | DEBUG | >>>>   Table row no "13", Cell no "4" appended ...
2023-04-24 22:21:45,479 | DEBUG | >>>>   
2023-04-24 22:21:45,510 | DEBUG | >>>>   Table row no "13", Cell no "5" appended ...
2023-04-24 22:21:45,511 | DEBUG | >>>>   
2023-04-24 22:21:45,538 | DEBUG | >>>>   Table row no "13", Cell no "6" appended ...
2023-04-24 22:21:45,539 | DEBUG | >>>>   
2023-04-24 22:21:45,567 | DEBUG | >>>>   Table row no "13", Cell no "7" appended ...
2023-04-24 22:21:45,568 | DEBUG | >>>>   
2023-04-24 22:21:45,599 | DEBUG | >>>>   Table row no "13", Cell no "8" appended ...
2023-04-24 22:21:45,600 | DEBUG | >>>>   
2023-04-24 22:21:45,631 | DEBUG | >>>>   Table row no "13", Cell no "9" appended ...
2023-04-24 22:21:45,632 | DEBUG | >>>>   
2023-04-24 22:21:45,663 | DEBUG | >>>>   Table row no "13", Cell no "10" appended ...
2023-04-24 22:21:45,664 | DEBUG | >>>>   
2023-04-24 22:21:45,696 | DEBUG | >>>>   Table row no "13", Cell no "11" appended ...
2023-04-24 22:21:45,698 | DEBUG | >>>>   
2023-04-24 22:21:45,745 | DEBUG | >>>>   Table row no "13", Cell no "12" appended ...
2023-04-24 22:21:45,746 | DEBUG | >>>>   
2023-04-24 22:21:45,781 | DEBUG | >>>>   Table row no "13", Cell no "13" appended ...
2023-04-24 22:21:45,782 | DEBUG | >>>>   
2023-04-24 22:21:45,810 | DEBUG | >>>>   Table row no "13", Cell no "14" appended ...
2023-04-24 22:21:45,811 | DEBUG | >>>>   
2023-04-24 22:21:45,839 | DEBUG | >>>>   Table row no "13", Cell no "15" appended ...
2023-04-24 22:21:45,840 | DEBUG | >>>>   
2023-04-24 22:21:45,868 | DEBUG | >>>>   Table row no "13", Cell no "16" appended ...
2023-04-24 22:21:45,869 | DEBUG | >>>>   
2023-04-24 22:21:45,897 | DEBUG | >>>>   Table row no "13", Cell no "17" appended ...
2023-04-24 22:21:45,899 | DEBUG | >>>>   
2023-04-24 22:21:45,928 | DEBUG | >>>>   Table row no "13", Cell no "18" appended ...
2023-04-24 22:21:45,929 | DEBUG | >>>>   
2023-04-24 22:21:45,940 | DEBUG | >>>>>>>   Table no 14 <<<<<<  
2023-04-24 22:21:45,967 | DEBUG | >>>>   Table row no "14", Cell no "1" appended ...
2023-04-24 22:21:45,968 | DEBUG | >>>>   
2023-04-24 22:21:45,998 | DEBUG | >>>>   Table row no "14", Cell no "2" appended ...
2023-04-24 22:21:45,999 | DEBUG | >>>>   
2023-04-24 22:21:46,029 | DEBUG | >>>>   Table row no "14", Cell no "3" appended ...
2023-04-24 22:21:46,030 | DEBUG | >>>>   
2023-04-24 22:21:46,059 | DEBUG | >>>>   Table row no "14", Cell no "4" appended ...
2023-04-24 22:21:46,060 | DEBUG | >>>>   
2023-04-24 22:21:46,088 | DEBUG | >>>>   Table row no "14", Cell no "5" appended ...
2023-04-24 22:21:46,089 | DEBUG | >>>>   
2023-04-24 22:21:46,115 | DEBUG | >>>>   Table row no "14", Cell no "6" appended ...
2023-04-24 22:21:46,116 | DEBUG | >>>>   
2023-04-24 22:21:46,143 | DEBUG | >>>>   Table row no "14", Cell no "7" appended ...
2023-04-24 22:21:46,144 | DEBUG | >>>>   
2023-04-24 22:21:46,175 | DEBUG | >>>>   Table row no "14", Cell no "8" appended ...
2023-04-24 22:21:46,176 | DEBUG | >>>>   
2023-04-24 22:21:46,209 | DEBUG | >>>>   Table row no "14", Cell no "9" appended ...
2023-04-24 22:21:46,209 | DEBUG | >>>>   
2023-04-24 22:21:46,241 | DEBUG | >>>>   Table row no "14", Cell no "10" appended ...
2023-04-24 22:21:46,242 | DEBUG | >>>>   
2023-04-24 22:21:46,281 | DEBUG | >>>>   Table row no "14", Cell no "11" appended ...
2023-04-24 22:21:46,282 | DEBUG | >>>>   
2023-04-24 22:21:46,316 | DEBUG | >>>>   Table row no "14", Cell no "12" appended ...
2023-04-24 22:21:46,317 | DEBUG | >>>>   
2023-04-24 22:21:46,343 | DEBUG | >>>>   Table row no "14", Cell no "13" appended ...
2023-04-24 22:21:46,345 | DEBUG | >>>>   
2023-04-24 22:21:46,375 | DEBUG | >>>>   Table row no "14", Cell no "14" appended ...
2023-04-24 22:21:46,376 | DEBUG | >>>>   
2023-04-24 22:21:46,401 | DEBUG | >>>>   Table row no "14", Cell no "15" appended ...
2023-04-24 22:21:46,402 | DEBUG | >>>>   
2023-04-24 22:21:46,434 | DEBUG | >>>>   Table row no "14", Cell no "16" appended ...
2023-04-24 22:21:46,435 | DEBUG | >>>>   
2023-04-24 22:21:46,463 | DEBUG | >>>>   Table row no "14", Cell no "17" appended ...
2023-04-24 22:21:46,464 | DEBUG | >>>>   
2023-04-24 22:21:46,490 | DEBUG | >>>>   Table row no "14", Cell no "18" appended ...
2023-04-24 22:21:46,490 | DEBUG | >>>>   
2023-04-24 22:21:46,501 | DEBUG | >>>>>>>   Table no 15 <<<<<<  
2023-04-24 22:21:46,531 | DEBUG | >>>>   Table row no "15", Cell no "1" appended ...
2023-04-24 22:21:46,533 | DEBUG | >>>>   
2023-04-24 22:21:46,560 | DEBUG | >>>>   Table row no "15", Cell no "2" appended ...
2023-04-24 22:21:46,561 | DEBUG | >>>>   
2023-04-24 22:21:46,594 | DEBUG | >>>>   Table row no "15", Cell no "3" appended ...
2023-04-24 22:21:46,595 | DEBUG | >>>>   
2023-04-24 22:21:46,634 | DEBUG | >>>>   Table row no "15", Cell no "4" appended ...
2023-04-24 22:21:46,636 | DEBUG | >>>>   
2023-04-24 22:21:46,665 | DEBUG | >>>>   Table row no "15", Cell no "5" appended ...
2023-04-24 22:21:46,666 | DEBUG | >>>>   
2023-04-24 22:21:46,700 | DEBUG | >>>>   Table row no "15", Cell no "6" appended ...
2023-04-24 22:21:46,701 | DEBUG | >>>>   
2023-04-24 22:21:46,736 | DEBUG | >>>>   Table row no "15", Cell no "7" appended ...
2023-04-24 22:21:46,737 | DEBUG | >>>>   
2023-04-24 22:21:46,768 | DEBUG | >>>>   Table row no "15", Cell no "8" appended ...
2023-04-24 22:21:46,769 | DEBUG | >>>>   
2023-04-24 22:21:46,798 | DEBUG | >>>>   Table row no "15", Cell no "9" appended ...
2023-04-24 22:21:46,799 | DEBUG | >>>>   
2023-04-24 22:21:46,829 | DEBUG | >>>>   Table row no "15", Cell no "10" appended ...
2023-04-24 22:21:46,831 | DEBUG | >>>>   
2023-04-24 22:21:46,858 | DEBUG | >>>>   Table row no "15", Cell no "11" appended ...
2023-04-24 22:21:46,858 | DEBUG | >>>>   
2023-04-24 22:21:46,886 | DEBUG | >>>>   Table row no "15", Cell no "12" appended ...
2023-04-24 22:21:46,887 | DEBUG | >>>>   
2023-04-24 22:21:46,914 | DEBUG | >>>>   Table row no "15", Cell no "13" appended ...
2023-04-24 22:21:46,915 | DEBUG | >>>>   
2023-04-24 22:21:46,941 | DEBUG | >>>>   Table row no "15", Cell no "14" appended ...
2023-04-24 22:21:46,942 | DEBUG | >>>>   
2023-04-24 22:21:46,970 | DEBUG | >>>>   Table row no "15", Cell no "15" appended ...
2023-04-24 22:21:46,972 | DEBUG | >>>>   
2023-04-24 22:21:47,000 | DEBUG | >>>>   Table row no "15", Cell no "16" appended ...
2023-04-24 22:21:47,001 | DEBUG | >>>>   
2023-04-24 22:21:47,030 | DEBUG | >>>>   Table row no "15", Cell no "17" appended ...
2023-04-24 22:21:47,031 | DEBUG | >>>>   
2023-04-24 22:21:47,057 | DEBUG | >>>>   Table row no "15", Cell no "18" appended ...
2023-04-24 22:21:47,058 | DEBUG | >>>>   
2023-04-24 22:21:47,070 | DEBUG | >>>>>>>   Table no 16 <<<<<<  
2023-04-24 22:21:47,101 | DEBUG | >>>>   Table row no "16", Cell no "1" appended ...
2023-04-24 22:21:47,102 | DEBUG | >>>>   
2023-04-24 22:21:47,131 | DEBUG | >>>>   Table row no "16", Cell no "2" appended ...
2023-04-24 22:21:47,133 | DEBUG | >>>>   
2023-04-24 22:21:47,162 | DEBUG | >>>>   Table row no "16", Cell no "3" appended ...
2023-04-24 22:21:47,163 | DEBUG | >>>>   
2023-04-24 22:21:47,191 | DEBUG | >>>>   Table row no "16", Cell no "4" appended ...
2023-04-24 22:21:47,192 | DEBUG | >>>>   
2023-04-24 22:21:47,218 | DEBUG | >>>>   Table row no "16", Cell no "5" appended ...
2023-04-24 22:21:47,219 | DEBUG | >>>>   
2023-04-24 22:21:47,251 | DEBUG | >>>>   Table row no "16", Cell no "6" appended ...
2023-04-24 22:21:47,252 | DEBUG | >>>>   
2023-04-24 22:21:47,281 | DEBUG | >>>>   Table row no "16", Cell no "7" appended ...
2023-04-24 22:21:47,282 | DEBUG | >>>>   
2023-04-24 22:21:47,311 | DEBUG | >>>>   Table row no "16", Cell no "8" appended ...
2023-04-24 22:21:47,312 | DEBUG | >>>>   
2023-04-24 22:21:47,339 | DEBUG | >>>>   Table row no "16", Cell no "9" appended ...
2023-04-24 22:21:47,340 | DEBUG | >>>>   
2023-04-24 22:21:47,368 | DEBUG | >>>>   Table row no "16", Cell no "10" appended ...
2023-04-24 22:21:47,369 | DEBUG | >>>>   
2023-04-24 22:21:47,398 | DEBUG | >>>>   Table row no "16", Cell no "11" appended ...
2023-04-24 22:21:47,399 | DEBUG | >>>>   
2023-04-24 22:21:47,428 | DEBUG | >>>>   Table row no "16", Cell no "12" appended ...
2023-04-24 22:21:47,429 | DEBUG | >>>>   
2023-04-24 22:21:47,459 | DEBUG | >>>>   Table row no "16", Cell no "13" appended ...
2023-04-24 22:21:47,460 | DEBUG | >>>>   
2023-04-24 22:21:47,488 | DEBUG | >>>>   Table row no "16", Cell no "14" appended ...
2023-04-24 22:21:47,489 | DEBUG | >>>>   
2023-04-24 22:21:47,516 | DEBUG | >>>>   Table row no "16", Cell no "15" appended ...
2023-04-24 22:21:47,517 | DEBUG | >>>>   
2023-04-24 22:21:47,548 | DEBUG | >>>>   Table row no "16", Cell no "16" appended ...
2023-04-24 22:21:47,549 | DEBUG | >>>>   
2023-04-24 22:21:47,579 | DEBUG | >>>>   Table row no "16", Cell no "17" appended ...
2023-04-24 22:21:47,580 | DEBUG | >>>>   
2023-04-24 22:21:47,608 | DEBUG | >>>>   Table row no "16", Cell no "18" appended ...
2023-04-24 22:21:47,609 | DEBUG | >>>>   
2023-04-24 22:21:47,620 | DEBUG | >>>>>>>   Table no 17 <<<<<<  
2023-04-24 22:21:47,651 | DEBUG | >>>>   Table row no "17", Cell no "1" appended ...
2023-04-24 22:21:47,653 | DEBUG | >>>>   
2023-04-24 22:21:47,682 | DEBUG | >>>>   Table row no "17", Cell no "2" appended ...
2023-04-24 22:21:47,683 | DEBUG | >>>>   
2023-04-24 22:21:47,712 | DEBUG | >>>>   Table row no "17", Cell no "3" appended ...
2023-04-24 22:21:47,712 | DEBUG | >>>>   
2023-04-24 22:21:47,739 | DEBUG | >>>>   Table row no "17", Cell no "4" appended ...
2023-04-24 22:21:47,741 | DEBUG | >>>>   
2023-04-24 22:21:47,767 | DEBUG | >>>>   Table row no "17", Cell no "5" appended ...
2023-04-24 22:21:47,768 | DEBUG | >>>>   
2023-04-24 22:21:47,798 | DEBUG | >>>>   Table row no "17", Cell no "6" appended ...
2023-04-24 22:21:47,799 | DEBUG | >>>>   
2023-04-24 22:21:47,837 | DEBUG | >>>>   Table row no "17", Cell no "7" appended ...
2023-04-24 22:21:47,838 | DEBUG | >>>>   
2023-04-24 22:21:47,869 | DEBUG | >>>>   Table row no "17", Cell no "8" appended ...
2023-04-24 22:21:47,871 | DEBUG | >>>>   
2023-04-24 22:21:47,898 | DEBUG | >>>>   Table row no "17", Cell no "9" appended ...
2023-04-24 22:21:47,899 | DEBUG | >>>>   
2023-04-24 22:21:47,931 | DEBUG | >>>>   Table row no "17", Cell no "10" appended ...
2023-04-24 22:21:47,932 | DEBUG | >>>>   
2023-04-24 22:21:47,966 | DEBUG | >>>>   Table row no "17", Cell no "11" appended ...
2023-04-24 22:21:47,967 | DEBUG | >>>>   
2023-04-24 22:21:48,015 | DEBUG | >>>>   Table row no "17", Cell no "12" appended ...
2023-04-24 22:21:48,016 | DEBUG | >>>>   
2023-04-24 22:21:48,046 | DEBUG | >>>>   Table row no "17", Cell no "13" appended ...
2023-04-24 22:21:48,048 | DEBUG | >>>>   
2023-04-24 22:21:48,078 | DEBUG | >>>>   Table row no "17", Cell no "14" appended ...
2023-04-24 22:21:48,079 | DEBUG | >>>>   
2023-04-24 22:21:48,113 | DEBUG | >>>>   Table row no "17", Cell no "15" appended ...
2023-04-24 22:21:48,113 | DEBUG | >>>>   
2023-04-24 22:21:48,146 | DEBUG | >>>>   Table row no "17", Cell no "16" appended ...
2023-04-24 22:21:48,147 | DEBUG | >>>>   
2023-04-24 22:21:48,179 | DEBUG | >>>>   Table row no "17", Cell no "17" appended ...
2023-04-24 22:21:48,180 | DEBUG | >>>>   
2023-04-24 22:21:48,213 | DEBUG | >>>>   Table row no "17", Cell no "18" appended ...
2023-04-24 22:21:48,214 | DEBUG | >>>>   
2023-04-24 22:21:48,227 | DEBUG | >>>>>>>   Table no 18 <<<<<<  
2023-04-24 22:21:48,258 | DEBUG | >>>>   Table row no "18", Cell no "1" appended ...
2023-04-24 22:21:48,259 | DEBUG | >>>>   
2023-04-24 22:21:48,286 | DEBUG | >>>>   Table row no "18", Cell no "2" appended ...
2023-04-24 22:21:48,287 | DEBUG | >>>>   
2023-04-24 22:21:48,318 | DEBUG | >>>>   Table row no "18", Cell no "3" appended ...
2023-04-24 22:21:48,319 | DEBUG | >>>>   
2023-04-24 22:21:48,348 | DEBUG | >>>>   Table row no "18", Cell no "4" appended ...
2023-04-24 22:21:48,349 | DEBUG | >>>>   
2023-04-24 22:21:48,379 | DEBUG | >>>>   Table row no "18", Cell no "5" appended ...
2023-04-24 22:21:48,380 | DEBUG | >>>>   
2023-04-24 22:21:48,408 | DEBUG | >>>>   Table row no "18", Cell no "6" appended ...
2023-04-24 22:21:48,409 | DEBUG | >>>>   
2023-04-24 22:21:48,437 | DEBUG | >>>>   Table row no "18", Cell no "7" appended ...
2023-04-24 22:21:48,438 | DEBUG | >>>>   
2023-04-24 22:21:48,466 | DEBUG | >>>>   Table row no "18", Cell no "8" appended ...
2023-04-24 22:21:48,467 | DEBUG | >>>>   
2023-04-24 22:21:48,512 | DEBUG | >>>>   Table row no "18", Cell no "9" appended ...
2023-04-24 22:21:48,513 | DEBUG | >>>>   
2023-04-24 22:21:48,547 | DEBUG | >>>>   Table row no "18", Cell no "10" appended ...
2023-04-24 22:21:48,548 | DEBUG | >>>>   
2023-04-24 22:21:48,580 | DEBUG | >>>>   Table row no "18", Cell no "11" appended ...
2023-04-24 22:21:48,581 | DEBUG | >>>>   
2023-04-24 22:21:48,614 | DEBUG | >>>>   Table row no "18", Cell no "12" appended ...
2023-04-24 22:21:48,615 | DEBUG | >>>>   
2023-04-24 22:21:48,646 | DEBUG | >>>>   Table row no "18", Cell no "13" appended ...
2023-04-24 22:21:48,646 | DEBUG | >>>>   
2023-04-24 22:21:48,700 | DEBUG | >>>>   Table row no "18", Cell no "14" appended ...
2023-04-24 22:21:48,702 | DEBUG | >>>>   
2023-04-24 22:21:48,738 | DEBUG | >>>>   Table row no "18", Cell no "15" appended ...
2023-04-24 22:21:48,738 | DEBUG | >>>>   
2023-04-24 22:21:48,789 | DEBUG | >>>>   Table row no "18", Cell no "16" appended ...
2023-04-24 22:21:48,789 | DEBUG | >>>>   
2023-04-24 22:21:48,826 | DEBUG | >>>>   Table row no "18", Cell no "17" appended ...
2023-04-24 22:21:48,826 | DEBUG | >>>>   
2023-04-24 22:21:48,871 | DEBUG | >>>>   Table row no "18", Cell no "18" appended ...
2023-04-24 22:21:48,872 | DEBUG | >>>>   
2023-04-24 22:21:48,887 | DEBUG | >>>>>>>   Table no 19 <<<<<<  
2023-04-24 22:21:48,921 | DEBUG | >>>>   Table row no "19", Cell no "1" appended ...
2023-04-24 22:21:48,921 | DEBUG | >>>>   
2023-04-24 22:21:48,951 | DEBUG | >>>>   Table row no "19", Cell no "2" appended ...
2023-04-24 22:21:48,952 | DEBUG | >>>>   
2023-04-24 22:21:48,983 | DEBUG | >>>>   Table row no "19", Cell no "3" appended ...
2023-04-24 22:21:48,984 | DEBUG | >>>>   
2023-04-24 22:21:49,012 | DEBUG | >>>>   Table row no "19", Cell no "4" appended ...
2023-04-24 22:21:49,013 | DEBUG | >>>>   
2023-04-24 22:21:49,044 | DEBUG | >>>>   Table row no "19", Cell no "5" appended ...
2023-04-24 22:21:49,045 | DEBUG | >>>>   
2023-04-24 22:21:49,072 | DEBUG | >>>>   Table row no "19", Cell no "6" appended ...
2023-04-24 22:21:49,073 | DEBUG | >>>>   
2023-04-24 22:21:49,102 | DEBUG | >>>>   Table row no "19", Cell no "7" appended ...
2023-04-24 22:21:49,104 | DEBUG | >>>>   
2023-04-24 22:21:49,133 | DEBUG | >>>>   Table row no "19", Cell no "8" appended ...
2023-04-24 22:21:49,134 | DEBUG | >>>>   
2023-04-24 22:21:49,166 | DEBUG | >>>>   Table row no "19", Cell no "9" appended ...
2023-04-24 22:21:49,168 | DEBUG | >>>>   
2023-04-24 22:21:49,204 | DEBUG | >>>>   Table row no "19", Cell no "10" appended ...
2023-04-24 22:21:49,205 | DEBUG | >>>>   
2023-04-24 22:21:49,237 | DEBUG | >>>>   Table row no "19", Cell no "11" appended ...
2023-04-24 22:21:49,238 | DEBUG | >>>>   
2023-04-24 22:21:49,271 | DEBUG | >>>>   Table row no "19", Cell no "12" appended ...
2023-04-24 22:21:49,272 | DEBUG | >>>>   
2023-04-24 22:21:49,303 | DEBUG | >>>>   Table row no "19", Cell no "13" appended ...
2023-04-24 22:21:49,304 | DEBUG | >>>>   
2023-04-24 22:21:49,336 | DEBUG | >>>>   Table row no "19", Cell no "14" appended ...
2023-04-24 22:21:49,337 | DEBUG | >>>>   
2023-04-24 22:21:49,399 | DEBUG | >>>>   Table row no "19", Cell no "15" appended ...
2023-04-24 22:21:49,401 | DEBUG | >>>>   
2023-04-24 22:21:49,464 | DEBUG | >>>>   Table row no "19", Cell no "16" appended ...
2023-04-24 22:21:49,466 | DEBUG | >>>>   
2023-04-24 22:21:49,516 | DEBUG | >>>>   Table row no "19", Cell no "17" appended ...
2023-04-24 22:21:49,517 | DEBUG | >>>>   
2023-04-24 22:21:49,562 | DEBUG | >>>>   Table row no "19", Cell no "18" appended ...
2023-04-24 22:21:49,563 | DEBUG | >>>>   
2023-04-24 22:21:49,578 | DEBUG | >>>>>>>   Table no 20 <<<<<<  
2023-04-24 22:21:49,622 | DEBUG | >>>>   Table row no "20", Cell no "1" appended ...
2023-04-24 22:21:49,623 | DEBUG | >>>>   
2023-04-24 22:21:49,658 | DEBUG | >>>>   Table row no "20", Cell no "2" appended ...
2023-04-24 22:21:49,659 | DEBUG | >>>>   
2023-04-24 22:21:49,714 | DEBUG | >>>>   Table row no "20", Cell no "3" appended ...
2023-04-24 22:21:49,716 | DEBUG | >>>>   
2023-04-24 22:21:49,759 | DEBUG | >>>>   Table row no "20", Cell no "4" appended ...
2023-04-24 22:21:49,760 | DEBUG | >>>>   
2023-04-24 22:21:49,793 | DEBUG | >>>>   Table row no "20", Cell no "5" appended ...
2023-04-24 22:21:49,794 | DEBUG | >>>>   
2023-04-24 22:21:49,825 | DEBUG | >>>>   Table row no "20", Cell no "6" appended ...
2023-04-24 22:21:49,826 | DEBUG | >>>>   
2023-04-24 22:21:49,863 | DEBUG | >>>>   Table row no "20", Cell no "7" appended ...
2023-04-24 22:21:49,864 | DEBUG | >>>>   
2023-04-24 22:21:49,902 | DEBUG | >>>>   Table row no "20", Cell no "8" appended ...
2023-04-24 22:21:49,904 | DEBUG | >>>>   
2023-04-24 22:21:49,930 | DEBUG | >>>>   Table row no "20", Cell no "9" appended ...
2023-04-24 22:21:49,930 | DEBUG | >>>>   
2023-04-24 22:21:49,964 | DEBUG | >>>>   Table row no "20", Cell no "10" appended ...
2023-04-24 22:21:49,966 | DEBUG | >>>>   
2023-04-24 22:21:49,995 | DEBUG | >>>>   Table row no "20", Cell no "11" appended ...
2023-04-24 22:21:49,996 | DEBUG | >>>>   
2023-04-24 22:21:50,026 | DEBUG | >>>>   Table row no "20", Cell no "12" appended ...
2023-04-24 22:21:50,027 | DEBUG | >>>>   
2023-04-24 22:21:50,060 | DEBUG | >>>>   Table row no "20", Cell no "13" appended ...
2023-04-24 22:21:50,061 | DEBUG | >>>>   
2023-04-24 22:21:50,090 | DEBUG | >>>>   Table row no "20", Cell no "14" appended ...
2023-04-24 22:21:50,092 | DEBUG | >>>>   
2023-04-24 22:21:50,124 | DEBUG | >>>>   Table row no "20", Cell no "15" appended ...
2023-04-24 22:21:50,125 | DEBUG | >>>>   
2023-04-24 22:21:50,156 | DEBUG | >>>>   Table row no "20", Cell no "16" appended ...
2023-04-24 22:21:50,157 | DEBUG | >>>>   
2023-04-24 22:21:50,192 | DEBUG | >>>>   Table row no "20", Cell no "17" appended ...
2023-04-24 22:21:50,193 | DEBUG | >>>>   
2023-04-24 22:21:50,231 | DEBUG | >>>>   Table row no "20", Cell no "18" appended ...
2023-04-24 22:21:50,232 | DEBUG | >>>>   
2023-04-24 22:21:50,246 | DEBUG | >>>>>>>   Table no 21 <<<<<<  
2023-04-24 22:21:50,280 | DEBUG | >>>>   Table row no "21", Cell no "1" appended ...
2023-04-24 22:21:50,281 | DEBUG | >>>>   
2023-04-24 22:21:50,310 | DEBUG | >>>>   Table row no "21", Cell no "2" appended ...
2023-04-24 22:21:50,312 | DEBUG | >>>>   
2023-04-24 22:21:50,342 | DEBUG | >>>>   Table row no "21", Cell no "3" appended ...
2023-04-24 22:21:50,343 | DEBUG | >>>>   
2023-04-24 22:21:50,372 | DEBUG | >>>>   Table row no "21", Cell no "4" appended ...
2023-04-24 22:21:50,373 | DEBUG | >>>>   
2023-04-24 22:21:50,403 | DEBUG | >>>>   Table row no "21", Cell no "5" appended ...
2023-04-24 22:21:50,404 | DEBUG | >>>>   
2023-04-24 22:21:50,436 | DEBUG | >>>>   Table row no "21", Cell no "6" appended ...
2023-04-24 22:21:50,437 | DEBUG | >>>>   
2023-04-24 22:21:50,468 | DEBUG | >>>>   Table row no "21", Cell no "7" appended ...
2023-04-24 22:21:50,469 | DEBUG | >>>>   
2023-04-24 22:21:50,499 | DEBUG | >>>>   Table row no "21", Cell no "8" appended ...
2023-04-24 22:21:50,500 | DEBUG | >>>>   
2023-04-24 22:21:50,531 | DEBUG | >>>>   Table row no "21", Cell no "9" appended ...
2023-04-24 22:21:50,532 | DEBUG | >>>>   
2023-04-24 22:21:50,562 | DEBUG | >>>>   Table row no "21", Cell no "10" appended ...
2023-04-24 22:21:50,563 | DEBUG | >>>>   
2023-04-24 22:21:50,595 | DEBUG | >>>>   Table row no "21", Cell no "11" appended ...
2023-04-24 22:21:50,596 | DEBUG | >>>>   
2023-04-24 22:21:50,640 | DEBUG | >>>>   Table row no "21", Cell no "12" appended ...
2023-04-24 22:21:50,642 | DEBUG | >>>>   
2023-04-24 22:21:50,699 | DEBUG | >>>>   Table row no "21", Cell no "13" appended ...
2023-04-24 22:21:50,701 | DEBUG | >>>>   
2023-04-24 22:21:50,756 | DEBUG | >>>>   Table row no "21", Cell no "14" appended ...
2023-04-24 22:21:50,757 | DEBUG | >>>>   
2023-04-24 22:21:50,806 | DEBUG | >>>>   Table row no "21", Cell no "15" appended ...
2023-04-24 22:21:50,808 | DEBUG | >>>>   
2023-04-24 22:21:50,851 | DEBUG | >>>>   Table row no "21", Cell no "16" appended ...
2023-04-24 22:21:50,852 | DEBUG | >>>>   
2023-04-24 22:21:50,886 | DEBUG | >>>>   Table row no "21", Cell no "17" appended ...
2023-04-24 22:21:50,887 | DEBUG | >>>>   
2023-04-24 22:21:50,922 | DEBUG | >>>>   Table row no "21", Cell no "18" appended ...
2023-04-24 22:21:50,923 | DEBUG | >>>>   
2023-04-24 22:21:50,935 | DEBUG | >>>> Transforming scraped Premier League content...
2023-04-24 22:21:50,948 | DEBUG | >>>> Successfully transformed Premier League content...
2023-04-24 22:21:50,983 | DEBUG | >>> Saving Prem League table file into S3 folder ...
2023-04-24 22:21:50,984 | DEBUG | >>> Creating in-memory buffer ...
2023-04-24 22:21:50,985 | DEBUG | >>> Persisting dataframe to CSV file ...
2023-04-24 22:21:50,994 | DEBUG | >>> Retrieving data from CSV buffer & storing as string values ...
2023-04-24 22:21:51,415 | DEBUG | 
2023-04-24 22:21:51,416 | DEBUG | >>> Successfully written and loaded 'prem_league_table' file to cloud target location in S3 bucket... 
2023-04-24 22:21:51,418 | DEBUG | 
